Release 14.7 - xst P.20131013 (nt64)
Copyright (c) 1995-2013 Xilinx, Inc.  All rights reserved.
--> Parameter TMPDIR set to xst/projnav.tmp


Total REAL time to Xst completion: 0.00 secs
Total CPU time to Xst completion: 0.10 secs
 
--> Parameter xsthdpdir set to xst


Total REAL time to Xst completion: 0.00 secs
Total CPU time to Xst completion: 0.11 secs
 
--> Reading design: Counter.prj

TABLE OF CONTENTS
  1) Synthesis Options Summary
  2) HDL Parsing
  3) HDL Elaboration
  4) HDL Synthesis
       4.1) HDL Synthesis Report
  5) Advanced HDL Synthesis
       5.1) Advanced HDL Synthesis Report
  6) Low Level Synthesis
  7) Partition Report
  8) Design Summary
       8.1) Primitive and Black Box Usage
       8.2) Device utilization summary
       8.3) Partition Resource Summary
       8.4) Timing Report
            8.4.1) Clock Information
            8.4.2) Asynchronous Control Signals Information
            8.4.3) Timing Summary
            8.4.4) Timing Details
            8.4.5) Cross Clock Domains Report


=========================================================================
*                      Synthesis Options Summary                        *
=========================================================================
---- Source Parameters
Input File Name                    : "Counter.prj"
Ignore Synthesis Constraint File   : NO

---- Target Parameters
Output File Name                   : "Counter"
Output Format                      : NGC
Target Device                      : xc7a100t-1-csg324

---- Source Options
Top Module Name                    : Counter
Automatic FSM Extraction           : YES
FSM Encoding Algorithm             : Auto
Safe Implementation                : No
FSM Style                          : LUT
RAM Extraction                     : Yes
RAM Style                          : Auto
ROM Extraction                     : Yes
Shift Register Extraction          : YES
ROM Style                          : Auto
Resource Sharing                   : YES
Asynchronous To Synchronous        : NO
Shift Register Minimum Size        : 2
Use DSP Block                      : Auto
Automatic Register Balancing       : No

---- Target Options
LUT Combining                      : Auto
Reduce Control Sets                : Auto
Add IO Buffers                     : YES
Global Maximum Fanout              : 100000
Add Generic Clock Buffer(BUFG)     : 32
Register Duplication               : YES
Optimize Instantiated Primitives   : NO
Use Clock Enable                   : Auto
Use Synchronous Set                : Auto
Use Synchronous Reset              : Auto
Pack IO Registers into IOBs        : Auto
Equivalent register Removal        : YES

---- General Options
Optimization Goal                  : Speed
Optimization Effort                : 1
Power Reduction                    : NO
Keep Hierarchy                     : No
Netlist Hierarchy                  : As_Optimized
RTL Output                         : Yes
Global Optimization                : AllClockNets
Read Cores                         : YES
Write Timing Constraints           : NO
Cross Clock Analysis               : NO
Hierarchy Separator                : /
Bus Delimiter                      : <>
Case Specifier                     : Maintain
Slice Utilization Ratio            : 100
BRAM Utilization Ratio             : 100
DSP48 Utilization Ratio            : 100
Auto BRAM Packing                  : NO
Slice Utilization Ratio Delta      : 5

=========================================================================


=========================================================================
*                          HDL Parsing                                  *
=========================================================================
Parsing VHDL file "F:\PROJECTS\NARSS\Bounded_Counter\Bounded_Counter\bounded_counter.vhd" into library work
Parsing entity <Counter>.
Parsing architecture <Behavioral> of entity <counter>.

=========================================================================
*                            HDL Elaboration                            *
=========================================================================

Elaborating entity <Counter> (architecture <Behavioral>) from library <work>.

=========================================================================
*                           HDL Synthesis                               *
=========================================================================

Synthesizing Unit <Counter>.
    Related source file is "F:\PROJECTS\NARSS\Bounded_Counter\Bounded_Counter\bounded_counter.vhd".
    Found 7-bit register for signal <reg_out>.
    Found 7-bit adder for signal <reg_name[6]_GND_5_o_add_1_OUT> created at line 55.
    Summary:
	inferred   1 Adder/Subtractor(s).
	inferred   7 D-type flip-flop(s).
	inferred   2 Multiplexer(s).
Unit <Counter> synthesized.

=========================================================================
HDL Synthesis Report

Macro Statistics
# Adders/Subtractors                                   : 1
 7-bit adder                                           : 1
# Registers                                            : 1
 7-bit register                                        : 1
# Multiplexers                                         : 2
 7-bit 2-to-1 multiplexer                              : 2

=========================================================================

=========================================================================
*                       Advanced HDL Synthesis                          *
=========================================================================


=========================================================================
Advanced HDL Synthesis Report

Macro Statistics
# Adders/Subtractors                                   : 1
 7-bit adder                                           : 1
# Registers                                            : 7
 Flip-Flops                                            : 7
# Multiplexers                                         : 2
 7-bit 2-to-1 multiplexer                              : 2

=========================================================================

=========================================================================
*                         Low Level Synthesis                           *
=========================================================================

Optimizing unit <Counter> ...

Mapping all equations...
Building and optimizing final netlist ...
Found area constraint ratio of 100 (+ 5) on block Counter, actual ratio is 0.

Final Macro Processing ...

=========================================================================
Final Register Report

Macro Statistics
# Registers                                            : 7
 Flip-Flops                                            : 7

=========================================================================

=========================================================================
*                           Partition Report                            *
=========================================================================

Partition Implementation Status
-------------------------------

  No Partitions were found in this design.

-------------------------------

=========================================================================
*                            Design Summary                             *
=========================================================================

Top Level Output File Name         : Counter.ngc

Primitive and Black Box Usage:
------------------------------
# BELS                             : 13
#      LUT2                        : 2
#      LUT3                        : 2
#      LUT4                        : 1
#      LUT5                        : 3
#      LUT6                        : 5
# FlipFlops/Latches                : 7
#      FDR                         : 3
#      FDS                         : 4
# Clock Buffers                    : 1
#      BUFGP                       : 1
# IO Buffers                       : 9
#      IBUF                        : 2
#      OBUF                        : 7

Device utilization summary:
---------------------------

Selected Device : 7a100tcsg324-1 


Slice Logic Utilization: 
 Number of Slice Registers:               7  out of  126800     0%  
 Number of Slice LUTs:                   13  out of  63400     0%  
    Number used as Logic:                13  out of  63400     0%  

Slice Logic Distribution: 
 Number of LUT Flip Flop pairs used:     13
   Number with an unused Flip Flop:       6  out of     13    46%  
   Number with an unused LUT:             0  out of     13     0%  
   Number of fully used LUT-FF pairs:     7  out of     13    53%  
   Number of unique control sets:         1

IO Utilization: 
 Number of IOs:                          10
 Number of bonded IOBs:                  10  out of    210     4%  

Specific Feature Utilization:
 Number of BUFG/BUFGCTRLs:                1  out of     32     3%  

---------------------------
Partition Resource Summary:
---------------------------

  No Partitions were found in this design.

---------------------------


=========================================================================
Timing Report

NOTE: THESE TIMING NUMBERS ARE ONLY A SYNTHESIS ESTIMATE.
      FOR ACCURATE TIMING INFORMATION PLEASE REFER TO THE TRACE REPORT
      GENERATED AFTER PLACE-and-ROUTE.

Clock Information:
------------------
-----------------------------------+------------------------+-------+
Clock Signal                       | Clock buffer(FF name)  | Load  |
-----------------------------------+------------------------+-------+
clock                              | BUFGP                  | 7     |
-----------------------------------+------------------------+-------+

Asynchronous Control Signals Information:
----------------------------------------
No asynchronous control signals found in this design

Timing Summary:
---------------
Speed Grade: -1

   Minimum period: 2.142ns (Maximum Frequency: 466.853MHz)
   Minimum input arrival time before clock: 1.391ns
   Maximum output required time after clock: 0.923ns
   Maximum combinational path delay: No path found

Timing Details:
---------------
All values displayed in nanoseconds (ns)

=========================================================================
Timing constraint: Default period analysis for Clock 'clock'
  Clock period: 2.142ns (frequency: 466.853MHz)
  Total number of paths / destination ports: 54 / 7
-------------------------------------------------------------------------
Delay:               2.142ns (Levels of Logic = 2)
  Source:            reg_name_4 (FF)
  Destination:       reg_name_5 (FF)
  Source Clock:      clock rising
  Destination Clock: clock rising

  Data Path: reg_name_4 to reg_name_5
                                Gate     Net
    Cell:in->out      fanout   Delay   Delay  Logical Name (Net Name)
    ----------------------------------------  ------------
     FDS:C->Q              7   0.478   0.959  reg_name_4 (reg_name_4)
     LUT5:I0->O            2   0.124   0.427  Madd_reg_name[6]_GND_5_o_add_1_OUT_cy<4>11 (Madd_reg_name[6]_GND_5_o_add_1_OUT_cy<4>)
     LUT6:I5->O            1   0.124   0.000  Mmux_GND_5_o_GND_5_o_mux_3_OUT71 (GND_5_o_GND_5_o_mux_3_OUT<6>)
     FDR:D                     0.030          reg_name_6
    ----------------------------------------
    Total                      2.142ns (0.756ns logic, 1.386ns route)
                                       (35.3% logic, 64.7% route)

=========================================================================
Timing constraint: Default OFFSET IN BEFORE for Clock 'clock'
  Total number of paths / destination ports: 14 / 14
-------------------------------------------------------------------------
Offset:              1.391ns (Levels of Logic = 3)
  Source:            clock_enable (PAD)
  Destination:       reg_name_0 (FF)
  Destination Clock: clock rising

  Data Path: clock_enable to reg_name_0
                                Gate     Net
    Cell:in->out      fanout   Delay   Delay  Logical Name (Net Name)
    ----------------------------------------  ------------
     IBUF:I->O             7   0.001   0.576  clock_enable_IBUF (clock_enable_IBUF)
     LUT2:I0->O            1   0.124   0.536  GND_5_o_GND_5_o_equal_1_o<6>_SW1 (N5)
     LUT6:I4->O            1   0.124   0.000  Mmux_GND_5_o_GND_5_o_mux_3_OUT11 (GND_5_o_GND_5_o_mux_3_OUT<0>)
     FDR:D                     0.030          reg_name_0
    ----------------------------------------
    Total                      1.391ns (0.279ns logic, 1.112ns route)
                                       (20.1% logic, 79.9% route)

=========================================================================
Timing constraint: Default OFFSET OUT AFTER for Clock 'clock'
  Total number of paths / destination ports: 7 / 7
-------------------------------------------------------------------------
Offset:              0.923ns (Levels of Logic = 1)
  Source:            reg_name_3 (FF)
  Destination:       reg_out<3> (PAD)
  Source Clock:      clock rising

  Data Path: reg_name_3 to reg_out<3>
                                Gate     Net
    Cell:in->out      fanout   Delay   Delay  Logical Name (Net Name)
    ----------------------------------------  ------------
     FDS:C->Q              8   0.478   0.445  reg_name_3 (reg_name_3)
     OBUF:I->O                 0.000          reg_out_3_OBUF (reg_out<3>)
    ----------------------------------------
    Total                      0.923ns (0.478ns logic, 0.445ns route)
                                       (51.8% logic, 48.2% route)

=========================================================================

Cross Clock Domains Report:
--------------------------

Clock to Setup on destination clock clock
---------------+---------+---------+---------+---------+
               | Src:Rise| Src:Fall| Src:Rise| Src:Fall|
Source Clock   |Dest:Rise|Dest:Rise|Dest:Fall|Dest:Fall|
---------------+---------+---------+---------+---------+
clock          |    2.142|         |         |         |
---------------+---------+---------+---------+---------+

=========================================================================


Total REAL time to Xst completion: 12.00 secs
Total CPU time to Xst completion: 12.34 secs
 
--> 

Total memory usage is 414192 kilobytes

Number of errors   :    0 (   0 filtered)
Number of warnings :    0 (   0 filtered)
Number of infos    :    0 (   0 filtered)

