Release 14.7 - xst P.20131013 (nt64)
Copyright (c) 1995-2013 Xilinx, Inc.  All rights reserved.
--> Parameter TMPDIR set to xst/projnav.tmp


Total REAL time to Xst completion: 0.00 secs
Total CPU time to Xst completion: 0.13 secs
 
--> Parameter xsthdpdir set to xst


Total REAL time to Xst completion: 0.00 secs
Total CPU time to Xst completion: 0.13 secs
 
--> Reading design: Conventional_Encoder.prj

TABLE OF CONTENTS
  1) Synthesis Options Summary
  2) HDL Parsing
  3) HDL Elaboration
  4) HDL Synthesis
       4.1) HDL Synthesis Report
  5) Advanced HDL Synthesis
       5.1) Advanced HDL Synthesis Report
  6) Low Level Synthesis
  7) Partition Report
  8) Design Summary
       8.1) Primitive and Black Box Usage
       8.2) Device utilization summary
       8.3) Partition Resource Summary
       8.4) Timing Report
            8.4.1) Clock Information
            8.4.2) Asynchronous Control Signals Information
            8.4.3) Timing Summary
            8.4.4) Timing Details
            8.4.5) Cross Clock Domains Report


=========================================================================
*                      Synthesis Options Summary                        *
=========================================================================
---- Source Parameters
Input File Name                    : "Conventional_Encoder.prj"
Ignore Synthesis Constraint File   : NO

---- Target Parameters
Output File Name                   : "Conventional_Encoder"
Output Format                      : NGC
Target Device                      : xc7a100t-1-csg324

---- Source Options
Top Module Name                    : Conventional_Encoder
Automatic FSM Extraction           : YES
FSM Encoding Algorithm             : Auto
Safe Implementation                : No
FSM Style                          : LUT
RAM Extraction                     : Yes
RAM Style                          : Auto
ROM Extraction                     : Yes
Shift Register Extraction          : YES
ROM Style                          : Auto
Resource Sharing                   : YES
Asynchronous To Synchronous        : NO
Shift Register Minimum Size        : 2
Use DSP Block                      : Auto
Automatic Register Balancing       : No

---- Target Options
LUT Combining                      : Auto
Reduce Control Sets                : Auto
Add IO Buffers                     : YES
Global Maximum Fanout              : 100000
Add Generic Clock Buffer(BUFG)     : 32
Register Duplication               : YES
Optimize Instantiated Primitives   : NO
Use Clock Enable                   : Auto
Use Synchronous Set                : Auto
Use Synchronous Reset              : Auto
Pack IO Registers into IOBs        : Auto
Equivalent register Removal        : YES

---- General Options
Optimization Goal                  : Speed
Optimization Effort                : 1
Power Reduction                    : NO
Keep Hierarchy                     : No
Netlist Hierarchy                  : As_Optimized
RTL Output                         : Yes
Global Optimization                : AllClockNets
Read Cores                         : YES
Write Timing Constraints           : NO
Cross Clock Analysis               : NO
Hierarchy Separator                : /
Bus Delimiter                      : <>
Case Specifier                     : Maintain
Slice Utilization Ratio            : 100
BRAM Utilization Ratio             : 100
DSP48 Utilization Ratio            : 100
Auto BRAM Packing                  : NO
Slice Utilization Ratio Delta      : 5

=========================================================================


=========================================================================
*                          HDL Parsing                                  *
=========================================================================
Parsing VHDL file "F:\PROJECTS\NARSS\Conventional_Encoder\Conventional_Encoder.vhd" into library work
Parsing entity <Conventional_Encoder>.
Parsing architecture <Behavioral> of entity <conventional_encoder>.

=========================================================================
*                            HDL Elaboration                            *
=========================================================================

Elaborating entity <Conventional_Encoder> (architecture <Behavioral>) from library <work>.

=========================================================================
*                           HDL Synthesis                               *
=========================================================================

Synthesizing Unit <Conventional_Encoder>.
    Related source file is "F:\PROJECTS\NARSS\Conventional_Encoder\Conventional_Encoder.vhd".
    Found 6-bit register for signal <buff>.
    Found 1-bit register for signal <out_I>.
    Found 1-bit register for signal <out_Q>.
    Summary:
	inferred   8 D-type flip-flop(s).
	inferred   3 Multiplexer(s).
Unit <Conventional_Encoder> synthesized.

=========================================================================
HDL Synthesis Report

Macro Statistics
# Registers                                            : 3
 1-bit register                                        : 2
 6-bit register                                        : 1
# Multiplexers                                         : 3
 1-bit 2-to-1 multiplexer                              : 2
 6-bit 2-to-1 multiplexer                              : 1
# Xors                                                 : 2
 1-bit xor5                                            : 2

=========================================================================

=========================================================================
*                       Advanced HDL Synthesis                          *
=========================================================================


=========================================================================
Advanced HDL Synthesis Report

Macro Statistics
# Registers                                            : 8
 Flip-Flops                                            : 8
# Multiplexers                                         : 3
 1-bit 2-to-1 multiplexer                              : 2
 6-bit 2-to-1 multiplexer                              : 1
# Xors                                                 : 2
 1-bit xor5                                            : 2

=========================================================================

=========================================================================
*                         Low Level Synthesis                           *
=========================================================================

Optimizing unit <Conventional_Encoder> ...

Mapping all equations...
Building and optimizing final netlist ...
Found area constraint ratio of 100 (+ 5) on block Conventional_Encoder, actual ratio is 0.

Final Macro Processing ...

=========================================================================
Final Register Report

Macro Statistics
# Registers                                            : 8
 Flip-Flops                                            : 8

=========================================================================

=========================================================================
*                           Partition Report                            *
=========================================================================

Partition Implementation Status
-------------------------------

  No Partitions were found in this design.

-------------------------------

=========================================================================
*                            Design Summary                             *
=========================================================================

Top Level Output File Name         : Conventional_Encoder.ngc

Primitive and Black Box Usage:
------------------------------
# BELS                             : 8
#      LUT2                        : 6
#      LUT6                        : 2
# FlipFlops/Latches                : 8
#      FDC                         : 8
# Clock Buffers                    : 1
#      BUFGP                       : 1
# IO Buffers                       : 5
#      IBUF                        : 3
#      OBUF                        : 2

Device utilization summary:
---------------------------

Selected Device : 7a100tcsg324-1 


Slice Logic Utilization: 
 Number of Slice Registers:               8  out of  126800     0%  
 Number of Slice LUTs:                    8  out of  63400     0%  
    Number used as Logic:                 8  out of  63400     0%  

Slice Logic Distribution: 
 Number of LUT Flip Flop pairs used:     16
   Number with an unused Flip Flop:       8  out of     16    50%  
   Number with an unused LUT:             8  out of     16    50%  
   Number of fully used LUT-FF pairs:     0  out of     16     0%  
   Number of unique control sets:         1

IO Utilization: 
 Number of IOs:                           6
 Number of bonded IOBs:                   6  out of    210     2%  

Specific Feature Utilization:
 Number of BUFG/BUFGCTRLs:                1  out of     32     3%  

---------------------------
Partition Resource Summary:
---------------------------

  No Partitions were found in this design.

---------------------------


=========================================================================
Timing Report

NOTE: THESE TIMING NUMBERS ARE ONLY A SYNTHESIS ESTIMATE.
      FOR ACCURATE TIMING INFORMATION PLEASE REFER TO THE TRACE REPORT
      GENERATED AFTER PLACE-and-ROUTE.

Clock Information:
------------------
-----------------------------------+------------------------+-------+
Clock Signal                       | Clock buffer(FF name)  | Load  |
-----------------------------------+------------------------+-------+
clk                                | BUFGP                  | 8     |
-----------------------------------+------------------------+-------+

Asynchronous Control Signals Information:
----------------------------------------
No asynchronous control signals found in this design

Timing Summary:
---------------
Speed Grade: -1

   Minimum period: 1.414ns (Maximum Frequency: 707.214MHz)
   Minimum input arrival time before clock: 1.120ns
   Maximum output required time after clock: 0.877ns
   Maximum combinational path delay: No path found

Timing Details:
---------------
All values displayed in nanoseconds (ns)

=========================================================================
Timing constraint: Default period analysis for Clock 'clk'
  Clock period: 1.414ns (frequency: 707.214MHz)
  Total number of paths / destination ports: 13 / 7
-------------------------------------------------------------------------
Delay:               1.414ns (Levels of Logic = 1)
  Source:            buff_5 (FF)
  Destination:       out_I (FF)
  Source Clock:      clk rising
  Destination Clock: clk rising

  Data Path: buff_5 to out_I
                                Gate     Net
    Cell:in->out      fanout   Delay   Delay  Logical Name (Net Name)
    ----------------------------------------  ------------
     FDC:C->Q              2   0.478   0.782  buff_5 (buff_5)
     LUT6:I2->O            1   0.124   0.000  Mmux_GND_3_o_input_MUX_8_o11 (GND_3_o_input_MUX_8_o)
     FDC:D                     0.030          out_Q
    ----------------------------------------
    Total                      1.414ns (0.632ns logic, 0.782ns route)
                                       (44.7% logic, 55.3% route)

=========================================================================
Timing constraint: Default OFFSET IN BEFORE for Clock 'clk'
  Total number of paths / destination ports: 19 / 16
-------------------------------------------------------------------------
Offset:              1.120ns (Levels of Logic = 2)
  Source:            clk_en (PAD)
  Destination:       out_I (FF)
  Destination Clock: clk rising

  Data Path: clk_en to out_I
                                Gate     Net
    Cell:in->out      fanout   Delay   Delay  Logical Name (Net Name)
    ----------------------------------------  ------------
     IBUF:I->O             8   0.001   0.965  clk_en_IBUF (clk_en_IBUF)
     LUT6:I1->O            1   0.124   0.000  Mmux_GND_3_o_input_MUX_8_o11 (GND_3_o_input_MUX_8_o)
     FDC:D                     0.030          out_Q
    ----------------------------------------
    Total                      1.120ns (0.155ns logic, 0.965ns route)
                                       (13.8% logic, 86.2% route)

=========================================================================
Timing constraint: Default OFFSET OUT AFTER for Clock 'clk'
  Total number of paths / destination ports: 2 / 2
-------------------------------------------------------------------------
Offset:              0.877ns (Levels of Logic = 1)
  Source:            out_I (FF)
  Destination:       out_I (PAD)
  Source Clock:      clk rising

  Data Path: out_I to out_I
                                Gate     Net
    Cell:in->out      fanout   Delay   Delay  Logical Name (Net Name)
    ----------------------------------------  ------------
     FDC:C->Q              1   0.478   0.399  out_I (out_I_OBUF)
     OBUF:I->O                 0.000          out_I_OBUF (out_I)
    ----------------------------------------
    Total                      0.877ns (0.478ns logic, 0.399ns route)
                                       (54.5% logic, 45.5% route)

=========================================================================

Cross Clock Domains Report:
--------------------------

Clock to Setup on destination clock clk
---------------+---------+---------+---------+---------+
               | Src:Rise| Src:Fall| Src:Rise| Src:Fall|
Source Clock   |Dest:Rise|Dest:Rise|Dest:Fall|Dest:Fall|
---------------+---------+---------+---------+---------+
clk            |    1.414|         |         |         |
---------------+---------+---------+---------+---------+

=========================================================================


Total REAL time to Xst completion: 34.00 secs
Total CPU time to Xst completion: 33.58 secs
 
--> 

Total memory usage is 443876 kilobytes

Number of errors   :    0 (   0 filtered)
Number of warnings :    0 (   0 filtered)
Number of infos    :    0 (   0 filtered)

